2025/10/02 16:43:09 logger.go:185: /Users/zhongjiasheng/go-study/go-study-blog/main.go:42
[0.088ms] [rows:-] SELECT DATABASE()
2025/10/02 16:43:09 logger.go:187: /Users/zhongjiasheng/go-study/go-study-blog/main.go:42
[0.607ms] [rows:1] SELECT SCHEMA_NAME from Information_schema.SCHEMATA where SCHEMA_NAME LIKE 'blog%' ORDER BY SCHEMA_NAME='blog' DESC,SCHEMA_NAME limit 1
2025/10/02 16:43:09 logger.go:185: /Users/zhongjiasheng/go-study/go-study-blog/main.go:42
[1.116ms] [rows:-] SELECT count(*) FROM information_schema.tables WHERE table_schema = 'blog' AND table_name = 'users' AND table_type = 'BASE TABLE'
2025/10/02 16:43:09 logger.go:185: /Users/zhongjiasheng/go-study/go-study-blog/main.go:42
[0.065ms] [rows:-] SELECT DATABASE()
2025/10/02 16:43:09 logger.go:187: /Users/zhongjiasheng/go-study/go-study-blog/main.go:42
[0.274ms] [rows:1] SELECT SCHEMA_NAME from Information_schema.SCHEMATA where SCHEMA_NAME LIKE 'blog%' ORDER BY SCHEMA_NAME='blog' DESC,SCHEMA_NAME limit 1
2025/10/02 16:43:09 logger.go:185: /Users/zhongjiasheng/go-study/go-study-blog/main.go:42
[0.335ms] [rows:-] SELECT * FROM `users` LIMIT 1
2025/10/02 16:43:09 logger.go:185: /Users/zhongjiasheng/go-study/go-study-blog/main.go:42
[1.504ms] [rows:-] SELECT column_name, column_default, is_nullable = 'YES', data_type, character_maximum_length, column_type, column_key, extra, column_comment, numeric_precision, numeric_scale , datetime_precision FROM information_schema.columns WHERE table_schema = 'blog' AND table_name = 'users' ORDER BY ORDINAL_POSITION
2025/10/02 16:43:09 logger.go:185: 
[0.100ms] [rows:-] SELECT DATABASE()
2025/10/02 16:43:09 logger.go:187: 
[0.487ms] [rows:1] SELECT SCHEMA_NAME from Information_schema.SCHEMATA where SCHEMA_NAME LIKE 'blog%' ORDER BY SCHEMA_NAME='blog' DESC,SCHEMA_NAME limit 1
2025/10/02 16:43:09 logger.go:187: /Users/zhongjiasheng/go-study/go-study-blog/main.go:42
[0.930ms] [rows:4] 
SELECT
	TABLE_NAME,
	COLUMN_NAME,
	INDEX_NAME,
	NON_UNIQUE 
FROM
	information_schema.STATISTICS 
WHERE
	TABLE_SCHEMA = 'blog' 
	AND TABLE_NAME = 'users' 
ORDER BY
	INDEX_NAME,
	SEQ_IN_INDEX
2025/10/02 16:43:09 logger.go:185: 
[0.081ms] [rows:-] SELECT DATABASE()
2025/10/02 16:43:09 logger.go:187: 
[0.199ms] [rows:1] SELECT SCHEMA_NAME from Information_schema.SCHEMATA where SCHEMA_NAME LIKE 'blog%' ORDER BY SCHEMA_NAME='blog' DESC,SCHEMA_NAME limit 1
2025/10/02 16:43:09 logger.go:185: 
[0.467ms] [rows:-] SELECT count(*) FROM INFORMATION_SCHEMA.table_constraints WHERE constraint_schema = 'blog' AND table_name = 'users' AND constraint_name = 'uni_users_username'
2025/10/02 16:43:09 logger.go:185: 
[0.091ms] [rows:-] SELECT DATABASE()
2025/10/02 16:43:09 logger.go:187: 
[0.368ms] [rows:1] SELECT SCHEMA_NAME from Information_schema.SCHEMATA where SCHEMA_NAME LIKE 'blog%' ORDER BY SCHEMA_NAME='blog' DESC,SCHEMA_NAME limit 1
2025/10/02 16:43:09 logger.go:187: /Users/zhongjiasheng/go-study/go-study-blog/main.go:42
[0.456ms] [rows:4] 
SELECT
	TABLE_NAME,
	COLUMN_NAME,
	INDEX_NAME,
	NON_UNIQUE 
FROM
	information_schema.STATISTICS 
WHERE
	TABLE_SCHEMA = 'blog' 
	AND TABLE_NAME = 'users' 
ORDER BY
	INDEX_NAME,
	SEQ_IN_INDEX
2025/10/02 16:43:09 logger.go:185: 
[0.053ms] [rows:-] SELECT DATABASE()
2025/10/02 16:43:09 logger.go:187: 
[0.230ms] [rows:1] SELECT SCHEMA_NAME from Information_schema.SCHEMATA where SCHEMA_NAME LIKE 'blog%' ORDER BY SCHEMA_NAME='blog' DESC,SCHEMA_NAME limit 1
2025/10/02 16:43:09 logger.go:185: 
[0.646ms] [rows:-] SELECT count(*) FROM INFORMATION_SCHEMA.table_constraints WHERE constraint_schema = 'blog' AND table_name = 'users' AND constraint_name = 'uni_users_email'
2025/10/02 16:43:09 logger.go:185: /Users/zhongjiasheng/go-study/go-study-blog/main.go:42
[0.084ms] [rows:-] SELECT DATABASE()
2025/10/02 16:43:09 logger.go:187: /Users/zhongjiasheng/go-study/go-study-blog/main.go:42
[0.214ms] [rows:1] SELECT SCHEMA_NAME from Information_schema.SCHEMATA where SCHEMA_NAME LIKE 'blog%' ORDER BY SCHEMA_NAME='blog' DESC,SCHEMA_NAME limit 1
2025/10/02 16:43:09 logger.go:185: /Users/zhongjiasheng/go-study/go-study-blog/main.go:42
[0.483ms] [rows:-] SELECT count(*) FROM information_schema.statistics WHERE table_schema = 'blog' AND table_name = 'users' AND index_name = 'idx_users_deleted_at'
2025/10/02 16:43:09 logger.go:185: /Users/zhongjiasheng/go-study/go-study-blog/main.go:42
[0.076ms] [rows:-] SELECT DATABASE()
2025/10/02 16:43:09 logger.go:187: /Users/zhongjiasheng/go-study/go-study-blog/main.go:42
[0.223ms] [rows:1] SELECT SCHEMA_NAME from Information_schema.SCHEMATA where SCHEMA_NAME LIKE 'blog%' ORDER BY SCHEMA_NAME='blog' DESC,SCHEMA_NAME limit 1
2025/10/02 16:43:09 logger.go:185: /Users/zhongjiasheng/go-study/go-study-blog/main.go:42
[0.469ms] [rows:-] SELECT count(*) FROM information_schema.tables WHERE table_schema = 'blog' AND table_name = 'posts' AND table_type = 'BASE TABLE'
2025/10/02 16:43:09 logger.go:185: /Users/zhongjiasheng/go-study/go-study-blog/main.go:42
[0.070ms] [rows:-] SELECT DATABASE()
2025/10/02 16:43:09 logger.go:187: /Users/zhongjiasheng/go-study/go-study-blog/main.go:42
[0.213ms] [rows:1] SELECT SCHEMA_NAME from Information_schema.SCHEMATA where SCHEMA_NAME LIKE 'blog%' ORDER BY SCHEMA_NAME='blog' DESC,SCHEMA_NAME limit 1
2025/10/02 16:43:09 logger.go:185: /Users/zhongjiasheng/go-study/go-study-blog/main.go:42
[0.169ms] [rows:-] SELECT * FROM `posts` LIMIT 1
2025/10/02 16:43:09 logger.go:185: /Users/zhongjiasheng/go-study/go-study-blog/main.go:42
[0.595ms] [rows:-] SELECT column_name, column_default, is_nullable = 'YES', data_type, character_maximum_length, column_type, column_key, extra, column_comment, numeric_precision, numeric_scale , datetime_precision FROM information_schema.columns WHERE table_schema = 'blog' AND table_name = 'posts' ORDER BY ORDINAL_POSITION
2025/10/02 16:43:09 logger.go:185: /Users/zhongjiasheng/go-study/go-study-blog/main.go:42
[0.077ms] [rows:-] SELECT DATABASE()
2025/10/02 16:43:09 logger.go:187: /Users/zhongjiasheng/go-study/go-study-blog/main.go:42
[0.216ms] [rows:1] SELECT SCHEMA_NAME from Information_schema.SCHEMATA where SCHEMA_NAME LIKE 'blog%' ORDER BY SCHEMA_NAME='blog' DESC,SCHEMA_NAME limit 1
2025/10/02 16:43:09 logger.go:185: /Users/zhongjiasheng/go-study/go-study-blog/main.go:42
[0.407ms] [rows:-] SELECT count(*) FROM information_schema.statistics WHERE table_schema = 'blog' AND table_name = 'posts' AND index_name = 'idx_posts_deleted_at'
2025/10/02 16:43:09 logger.go:185: /Users/zhongjiasheng/go-study/go-study-blog/main.go:42
[0.057ms] [rows:-] SELECT DATABASE()
2025/10/02 16:43:09 logger.go:187: /Users/zhongjiasheng/go-study/go-study-blog/main.go:42
[0.231ms] [rows:1] SELECT SCHEMA_NAME from Information_schema.SCHEMATA where SCHEMA_NAME LIKE 'blog%' ORDER BY SCHEMA_NAME='blog' DESC,SCHEMA_NAME limit 1
2025/10/02 16:43:09 logger.go:185: /Users/zhongjiasheng/go-study/go-study-blog/main.go:42
[0.484ms] [rows:-] SELECT count(*) FROM information_schema.tables WHERE table_schema = 'blog' AND table_name = 'comments' AND table_type = 'BASE TABLE'
2025/10/02 16:43:09 logger.go:185: /Users/zhongjiasheng/go-study/go-study-blog/main.go:42
[0.054ms] [rows:-] SELECT DATABASE()
2025/10/02 16:43:09 logger.go:187: /Users/zhongjiasheng/go-study/go-study-blog/main.go:42
[0.197ms] [rows:1] SELECT SCHEMA_NAME from Information_schema.SCHEMATA where SCHEMA_NAME LIKE 'blog%' ORDER BY SCHEMA_NAME='blog' DESC,SCHEMA_NAME limit 1
2025/10/02 16:43:09 logger.go:185: /Users/zhongjiasheng/go-study/go-study-blog/main.go:42
[0.142ms] [rows:-] SELECT * FROM `comments` LIMIT 1
2025/10/02 16:43:09 logger.go:185: /Users/zhongjiasheng/go-study/go-study-blog/main.go:42
[0.554ms] [rows:-] SELECT column_name, column_default, is_nullable = 'YES', data_type, character_maximum_length, column_type, column_key, extra, column_comment, numeric_precision, numeric_scale , datetime_precision FROM information_schema.columns WHERE table_schema = 'blog' AND table_name = 'comments' ORDER BY ORDINAL_POSITION
2025/10/02 16:43:09 logger.go:185: /Users/zhongjiasheng/go-study/go-study-blog/main.go:42
[0.057ms] [rows:-] SELECT DATABASE()
2025/10/02 16:43:09 logger.go:187: /Users/zhongjiasheng/go-study/go-study-blog/main.go:42
[0.220ms] [rows:1] SELECT SCHEMA_NAME from Information_schema.SCHEMATA where SCHEMA_NAME LIKE 'blog%' ORDER BY SCHEMA_NAME='blog' DESC,SCHEMA_NAME limit 1
2025/10/02 16:43:09 logger.go:185: /Users/zhongjiasheng/go-study/go-study-blog/main.go:42
[0.382ms] [rows:-] SELECT count(*) FROM information_schema.statistics WHERE table_schema = 'blog' AND table_name = 'comments' AND index_name = 'idx_comments_deleted_at'
2025/10/02 16:54:13 logger.go:187: /Users/zhongjiasheng/go-study/go-study-blog/repositories/user_repository.go:28
[0.475ms] [rows:0] SELECT * FROM `users` WHERE `username` = 'ycm' AND `users`.`deleted_at` IS NULL ORDER BY `users`.`id` LIMIT 1
2025/10/02 16:54:14 logger.go:187: /Users/zhongjiasheng/go-study/go-study-blog/repositories/user_repository.go:43
[3.137ms] [rows:1] INSERT INTO `users` (`created_at`,`updated_at`,`deleted_at`,`username`,`email`,`password`) VALUES ('2025-10-02 16:54:14.656','2025-10-02 16:54:14.656',NULL,'ycm','3@qq.com','$2a$14$MrcD92bnL.aexmhu0bbKCu7OXSSSv7KLDt28mk1dG/OV2MjcTv6Ty')
[GIN] 2025/10/02 - 16:54:14 | 200 |  830.462792ms |       127.0.0.1 | POST     "/api/register"
[GIN] 2025/10/02 - 16:59:17 | 401 |     163.667µs |       127.0.0.1 | GET      "/api/auth/users/5"
[GIN] 2025/10/02 - 16:59:29 | 401 |      60.083µs |       127.0.0.1 | PUT      "/api/auth/users"
2025/10/02 16:59:50 logger.go:187: /Users/zhongjiasheng/go-study/go-study-blog/repositories/user_repository.go:28
[0.827ms] [rows:1] SELECT * FROM `users` WHERE `username` = 'zjs' AND `users`.`deleted_at` IS NULL ORDER BY `users`.`id` LIMIT 1
[GIN] 2025/10/02 - 16:59:51 | 200 |  832.671083ms |       127.0.0.1 | POST     "/api/login"
2025/10/02 17:20:48 logger.go:185: /Users/zhongjiasheng/go-study/go-study-blog/main.go:42
[0.054ms] [rows:-] SELECT DATABASE()
2025/10/02 17:20:48 logger.go:187: /Users/zhongjiasheng/go-study/go-study-blog/main.go:42
[1.143ms] [rows:1] SELECT SCHEMA_NAME from Information_schema.SCHEMATA where SCHEMA_NAME LIKE 'blog%' ORDER BY SCHEMA_NAME='blog' DESC,SCHEMA_NAME limit 1
2025/10/02 17:20:48 logger.go:185: /Users/zhongjiasheng/go-study/go-study-blog/main.go:42
[1.613ms] [rows:-] SELECT count(*) FROM information_schema.tables WHERE table_schema = 'blog' AND table_name = 'users' AND table_type = 'BASE TABLE'
2025/10/02 17:20:48 logger.go:185: /Users/zhongjiasheng/go-study/go-study-blog/main.go:42
[0.145ms] [rows:-] SELECT DATABASE()
2025/10/02 17:20:48 logger.go:187: /Users/zhongjiasheng/go-study/go-study-blog/main.go:42
[0.487ms] [rows:1] SELECT SCHEMA_NAME from Information_schema.SCHEMATA where SCHEMA_NAME LIKE 'blog%' ORDER BY SCHEMA_NAME='blog' DESC,SCHEMA_NAME limit 1
2025/10/02 17:20:48 logger.go:185: /Users/zhongjiasheng/go-study/go-study-blog/main.go:42
[0.444ms] [rows:-] SELECT * FROM `users` LIMIT 1
2025/10/02 17:20:48 logger.go:185: /Users/zhongjiasheng/go-study/go-study-blog/main.go:42
[1.528ms] [rows:-] SELECT column_name, column_default, is_nullable = 'YES', data_type, character_maximum_length, column_type, column_key, extra, column_comment, numeric_precision, numeric_scale , datetime_precision FROM information_schema.columns WHERE table_schema = 'blog' AND table_name = 'users' ORDER BY ORDINAL_POSITION
2025/10/02 17:20:48 logger.go:185: 
[0.115ms] [rows:-] SELECT DATABASE()
2025/10/02 17:20:48 logger.go:187: 
[0.537ms] [rows:1] SELECT SCHEMA_NAME from Information_schema.SCHEMATA where SCHEMA_NAME LIKE 'blog%' ORDER BY SCHEMA_NAME='blog' DESC,SCHEMA_NAME limit 1
2025/10/02 17:20:48 logger.go:187: /Users/zhongjiasheng/go-study/go-study-blog/main.go:42
[1.560ms] [rows:4] 
SELECT
	TABLE_NAME,
	COLUMN_NAME,
	INDEX_NAME,
	NON_UNIQUE 
FROM
	information_schema.STATISTICS 
WHERE
	TABLE_SCHEMA = 'blog' 
	AND TABLE_NAME = 'users' 
ORDER BY
	INDEX_NAME,
	SEQ_IN_INDEX
2025/10/02 17:20:48 logger.go:185: 
[0.087ms] [rows:-] SELECT DATABASE()
2025/10/02 17:20:48 logger.go:187: 
[0.211ms] [rows:1] SELECT SCHEMA_NAME from Information_schema.SCHEMATA where SCHEMA_NAME LIKE 'blog%' ORDER BY SCHEMA_NAME='blog' DESC,SCHEMA_NAME limit 1
2025/10/02 17:20:48 logger.go:185: 
[0.421ms] [rows:-] SELECT count(*) FROM INFORMATION_SCHEMA.table_constraints WHERE constraint_schema = 'blog' AND table_name = 'users' AND constraint_name = 'uni_users_username'
2025/10/02 17:20:48 logger.go:185: 
[0.046ms] [rows:-] SELECT DATABASE()
2025/10/02 17:20:48 logger.go:187: 
[0.206ms] [rows:1] SELECT SCHEMA_NAME from Information_schema.SCHEMATA where SCHEMA_NAME LIKE 'blog%' ORDER BY SCHEMA_NAME='blog' DESC,SCHEMA_NAME limit 1
2025/10/02 17:20:48 logger.go:187: /Users/zhongjiasheng/go-study/go-study-blog/main.go:42
[0.448ms] [rows:4] 
SELECT
	TABLE_NAME,
	COLUMN_NAME,
	INDEX_NAME,
	NON_UNIQUE 
FROM
	information_schema.STATISTICS 
WHERE
	TABLE_SCHEMA = 'blog' 
	AND TABLE_NAME = 'users' 
ORDER BY
	INDEX_NAME,
	SEQ_IN_INDEX
2025/10/02 17:20:48 logger.go:185: 
[0.051ms] [rows:-] SELECT DATABASE()
2025/10/02 17:20:48 logger.go:187: 
[0.264ms] [rows:1] SELECT SCHEMA_NAME from Information_schema.SCHEMATA where SCHEMA_NAME LIKE 'blog%' ORDER BY SCHEMA_NAME='blog' DESC,SCHEMA_NAME limit 1
2025/10/02 17:20:48 logger.go:185: 
[0.416ms] [rows:-] SELECT count(*) FROM INFORMATION_SCHEMA.table_constraints WHERE constraint_schema = 'blog' AND table_name = 'users' AND constraint_name = 'uni_users_email'
2025/10/02 17:20:48 logger.go:185: /Users/zhongjiasheng/go-study/go-study-blog/main.go:42
[0.047ms] [rows:-] SELECT DATABASE()
2025/10/02 17:20:48 logger.go:187: /Users/zhongjiasheng/go-study/go-study-blog/main.go:42
[0.210ms] [rows:1] SELECT SCHEMA_NAME from Information_schema.SCHEMATA where SCHEMA_NAME LIKE 'blog%' ORDER BY SCHEMA_NAME='blog' DESC,SCHEMA_NAME limit 1
2025/10/02 17:20:48 logger.go:185: /Users/zhongjiasheng/go-study/go-study-blog/main.go:42
[0.537ms] [rows:-] SELECT count(*) FROM information_schema.statistics WHERE table_schema = 'blog' AND table_name = 'users' AND index_name = 'idx_users_deleted_at'
2025/10/02 17:20:48 logger.go:185: /Users/zhongjiasheng/go-study/go-study-blog/main.go:42
[0.065ms] [rows:-] SELECT DATABASE()
2025/10/02 17:20:48 logger.go:187: /Users/zhongjiasheng/go-study/go-study-blog/main.go:42
[0.260ms] [rows:1] SELECT SCHEMA_NAME from Information_schema.SCHEMATA where SCHEMA_NAME LIKE 'blog%' ORDER BY SCHEMA_NAME='blog' DESC,SCHEMA_NAME limit 1
2025/10/02 17:20:48 logger.go:185: /Users/zhongjiasheng/go-study/go-study-blog/main.go:42
[0.624ms] [rows:-] SELECT count(*) FROM information_schema.tables WHERE table_schema = 'blog' AND table_name = 'posts' AND table_type = 'BASE TABLE'
2025/10/02 17:20:48 logger.go:185: /Users/zhongjiasheng/go-study/go-study-blog/main.go:42
[0.079ms] [rows:-] SELECT DATABASE()
2025/10/02 17:20:48 logger.go:187: /Users/zhongjiasheng/go-study/go-study-blog/main.go:42
[0.224ms] [rows:1] SELECT SCHEMA_NAME from Information_schema.SCHEMATA where SCHEMA_NAME LIKE 'blog%' ORDER BY SCHEMA_NAME='blog' DESC,SCHEMA_NAME limit 1
2025/10/02 17:20:48 logger.go:185: /Users/zhongjiasheng/go-study/go-study-blog/main.go:42
[0.160ms] [rows:-] SELECT * FROM `posts` LIMIT 1
2025/10/02 17:20:48 logger.go:185: /Users/zhongjiasheng/go-study/go-study-blog/main.go:42
[0.593ms] [rows:-] SELECT column_name, column_default, is_nullable = 'YES', data_type, character_maximum_length, column_type, column_key, extra, column_comment, numeric_precision, numeric_scale , datetime_precision FROM information_schema.columns WHERE table_schema = 'blog' AND table_name = 'posts' ORDER BY ORDINAL_POSITION
2025/10/02 17:20:48 logger.go:185: /Users/zhongjiasheng/go-study/go-study-blog/main.go:42
[0.072ms] [rows:-] SELECT DATABASE()
2025/10/02 17:20:48 logger.go:187: /Users/zhongjiasheng/go-study/go-study-blog/main.go:42
[0.316ms] [rows:1] SELECT SCHEMA_NAME from Information_schema.SCHEMATA where SCHEMA_NAME LIKE 'blog%' ORDER BY SCHEMA_NAME='blog' DESC,SCHEMA_NAME limit 1
2025/10/02 17:20:48 logger.go:185: /Users/zhongjiasheng/go-study/go-study-blog/main.go:42
[0.587ms] [rows:-] SELECT count(*) FROM information_schema.statistics WHERE table_schema = 'blog' AND table_name = 'posts' AND index_name = 'idx_posts_deleted_at'
2025/10/02 17:20:48 logger.go:185: /Users/zhongjiasheng/go-study/go-study-blog/main.go:42
[0.074ms] [rows:-] SELECT DATABASE()
2025/10/02 17:20:48 logger.go:187: /Users/zhongjiasheng/go-study/go-study-blog/main.go:42
[0.287ms] [rows:1] SELECT SCHEMA_NAME from Information_schema.SCHEMATA where SCHEMA_NAME LIKE 'blog%' ORDER BY SCHEMA_NAME='blog' DESC,SCHEMA_NAME limit 1
2025/10/02 17:20:48 logger.go:185: /Users/zhongjiasheng/go-study/go-study-blog/main.go:42
[0.607ms] [rows:-] SELECT count(*) FROM information_schema.tables WHERE table_schema = 'blog' AND table_name = 'comments' AND table_type = 'BASE TABLE'
2025/10/02 17:20:48 logger.go:185: /Users/zhongjiasheng/go-study/go-study-blog/main.go:42
[0.075ms] [rows:-] SELECT DATABASE()
2025/10/02 17:20:48 logger.go:187: /Users/zhongjiasheng/go-study/go-study-blog/main.go:42
[0.282ms] [rows:1] SELECT SCHEMA_NAME from Information_schema.SCHEMATA where SCHEMA_NAME LIKE 'blog%' ORDER BY SCHEMA_NAME='blog' DESC,SCHEMA_NAME limit 1
2025/10/02 17:20:48 logger.go:185: /Users/zhongjiasheng/go-study/go-study-blog/main.go:42
[0.238ms] [rows:-] SELECT * FROM `comments` LIMIT 1
2025/10/02 17:20:48 logger.go:185: /Users/zhongjiasheng/go-study/go-study-blog/main.go:42
[0.560ms] [rows:-] SELECT column_name, column_default, is_nullable = 'YES', data_type, character_maximum_length, column_type, column_key, extra, column_comment, numeric_precision, numeric_scale , datetime_precision FROM information_schema.columns WHERE table_schema = 'blog' AND table_name = 'comments' ORDER BY ORDINAL_POSITION
2025/10/02 17:20:48 logger.go:185: /Users/zhongjiasheng/go-study/go-study-blog/main.go:42
[0.054ms] [rows:-] SELECT DATABASE()
2025/10/02 17:20:48 logger.go:187: /Users/zhongjiasheng/go-study/go-study-blog/main.go:42
[0.271ms] [rows:1] SELECT SCHEMA_NAME from Information_schema.SCHEMATA where SCHEMA_NAME LIKE 'blog%' ORDER BY SCHEMA_NAME='blog' DESC,SCHEMA_NAME limit 1
2025/10/02 17:20:48 logger.go:185: /Users/zhongjiasheng/go-study/go-study-blog/main.go:42
[0.552ms] [rows:-] SELECT count(*) FROM information_schema.statistics WHERE table_schema = 'blog' AND table_name = 'comments' AND index_name = 'idx_comments_deleted_at'
2025/10/02 17:21:50 detailLog_middleware.go:30: === 请求开始 ===
2025/10/02 17:21:50 detailLog_middleware.go:31: 方法: POST
2025/10/02 17:21:50 detailLog_middleware.go:32: 路径: /api/register
2025/10/02 17:21:50 detailLog_middleware.go:33: 查询参数: 
2025/10/02 17:21:50 detailLog_middleware.go:34: 远程地址: 127.0.0.1:56668
2025/10/02 17:21:50 detailLog_middleware.go:37: 请求头:
2025/10/02 17:21:50 detailLog_middleware.go:39:   Connection: [close]
2025/10/02 17:21:50 detailLog_middleware.go:39:   User-Agent: [restclient]
2025/10/02 17:21:50 detailLog_middleware.go:39:   Content-Type: [application/json]
2025/10/02 17:21:50 detailLog_middleware.go:39:   Accept-Encoding: [gzip, deflate]
2025/10/02 17:21:50 detailLog_middleware.go:39:   Content-Length: [79]
2025/10/02 17:21:50 detailLog_middleware.go:48: 请求体: {
    "username" : "ycm",
    "email" : "3@qq.com",
    "password" : "123456"
}
2025/10/02 17:21:50 detailLog_middleware.go:53: 格式化请求体:
{
  "username": "ycm",
  "email": "3@qq.com",
  "password": "123456"
}
2025/10/02 17:21:50 logger.go:187: /Users/zhongjiasheng/go-study/go-study-blog/repositories/user_repository.go:28
[0.443ms] [rows:1] SELECT * FROM `users` WHERE `username` = 'ycm' AND `users`.`deleted_at` IS NULL ORDER BY `users`.`id` LIMIT 1
2025/10/02 17:21:50 user_service.go:79: 用户已存在
2025/10/02 17:21:50 detailLog_middleware.go:70: === 响应信息 ===
2025/10/02 17:21:50 detailLog_middleware.go:71: 状态码: 409
2025/10/02 17:21:50 detailLog_middleware.go:72: 处理时间: 1.928208ms
2025/10/02 17:21:50 detailLog_middleware.go:75: 响应头:
2025/10/02 17:21:50 detailLog_middleware.go:77:   Content-Type: [application/json; charset=utf-8]
2025/10/02 17:21:50 detailLog_middleware.go:82: 响应体: {"code":409,"data":null,"message":"用户已存在","success":false}
2025/10/02 17:21:50 detailLog_middleware.go:87: 格式化响应体:
{
  "code": 409,
  "data": null,
  "message": "用户已存在",
  "success": false
}
2025/10/02 17:21:50 detailLog_middleware.go:91: === 请求结束 ===
2025/10/02 17:22:43 detailLog_middleware.go:30: === 请求开始 ===
2025/10/02 17:22:43 detailLog_middleware.go:31: 方法: POST
2025/10/02 17:22:43 detailLog_middleware.go:32: 路径: /api/login
2025/10/02 17:22:43 detailLog_middleware.go:33: 查询参数: 
2025/10/02 17:22:43 detailLog_middleware.go:34: 远程地址: 127.0.0.1:56706
2025/10/02 17:22:43 detailLog_middleware.go:37: 请求头:
2025/10/02 17:22:43 detailLog_middleware.go:39:   User-Agent: [vscode-restclient]
2025/10/02 17:22:43 detailLog_middleware.go:39:   Content-Type: [: application/json]
2025/10/02 17:22:43 detailLog_middleware.go:39:   Accept-Encoding: [gzip, deflate]
2025/10/02 17:22:43 detailLog_middleware.go:39:   Content-Length: [54]
2025/10/02 17:22:43 detailLog_middleware.go:39:   Connection: [close]
2025/10/02 17:22:43 detailLog_middleware.go:48: 请求体: {
    "username" : "zjs", 
    "password" : "123456"
}
2025/10/02 17:22:43 detailLog_middleware.go:53: 格式化请求体:
{
  "username": "zjs",
  "password": "123456"
}
2025/10/02 17:22:43 logger.go:187: /Users/zhongjiasheng/go-study/go-study-blog/repositories/user_repository.go:28
[0.574ms] [rows:1] SELECT * FROM `users` WHERE `username` = 'zjs' AND `users`.`deleted_at` IS NULL ORDER BY `users`.`id` LIMIT 1
2025/10/02 17:22:44 detailLog_middleware.go:70: === 响应信息 ===
2025/10/02 17:22:44 detailLog_middleware.go:71: 状态码: 200
2025/10/02 17:22:44 detailLog_middleware.go:72: 处理时间: 826.556292ms
2025/10/02 17:22:44 detailLog_middleware.go:75: 响应头:
2025/10/02 17:22:44 detailLog_middleware.go:77:   Content-Type: [application/json; charset=utf-8]
2025/10/02 17:22:44 detailLog_middleware.go:82: 响应体: {"token":"eyJhbGciOiJIUzI1NiIsInR5cCI6IkpXVCJ9.eyJ1c2VyX2lkIjo1LCJpc3MiOiJnby1zdHVkeS1ibG9nIiwiZXhwIjoxNzU5NDgzMzY0LCJuYmYiOjE3NTkzOTY5NjQsImlhdCI6MTc1OTM5Njk2NCwianRpIjoiZmM0NWJlZTgtOGJhNy00Njg5LThjMTQtMzI1NGUxMjFhNDdjIn0.jvsK5DE74gXodLVTXTof-AcPGWW4Oy-Ha3EUl6x1XfA"}
2025/10/02 17:22:44 detailLog_middleware.go:87: 格式化响应体:
{
  "token": "eyJhbGciOiJIUzI1NiIsInR5cCI6IkpXVCJ9.eyJ1c2VyX2lkIjo1LCJpc3MiOiJnby1zdHVkeS1ibG9nIiwiZXhwIjoxNzU5NDgzMzY0LCJuYmYiOjE3NTkzOTY5NjQsImlhdCI6MTc1OTM5Njk2NCwianRpIjoiZmM0NWJlZTgtOGJhNy00Njg5LThjMTQtMzI1NGUxMjFhNDdjIn0.jvsK5DE74gXodLVTXTof-AcPGWW4Oy-Ha3EUl6x1XfA"
}
2025/10/02 17:22:44 detailLog_middleware.go:91: === 请求结束 ===
2025/10/02 17:24:29 detailLog_middleware.go:30: === 请求开始 ===
2025/10/02 17:24:29 detailLog_middleware.go:31: 方法: GET
2025/10/02 17:24:29 detailLog_middleware.go:32: 路径: /api/auth/users/5
2025/10/02 17:24:29 detailLog_middleware.go:33: 查询参数: 
2025/10/02 17:24:29 detailLog_middleware.go:34: 远程地址: 127.0.0.1:56759
2025/10/02 17:24:29 detailLog_middleware.go:37: 请求头:
2025/10/02 17:24:29 detailLog_middleware.go:39:   User-Agent: [vscode-restclient]
2025/10/02 17:24:29 detailLog_middleware.go:39:   Authorization: [Bearer eyJhbGciOiJIUzI1NiIsInR5cCI6IkpXVCJ9.eyJ1c2VyX2lkIjo1LCJpc3MiOiJnby1zdHVkeS1ibG9nIiwiZXhwIjoxNzU5NDgzMzY0LCJuYmYiOjE3NTkzOTY5NjQsImlhdCI6MTc1OTM5Njk2NCwianRpIjoiZmM0NWJlZTgtOGJhNy00Njg5LThjMTQtMzI1NGUxMjFhNDdjIn0.jvsK5DE74gXodLVTXTof-AcPGWW4Oy-Ha3EUl6x1XfA]
2025/10/02 17:24:29 detailLog_middleware.go:39:   Accept-Encoding: [gzip, deflate]
2025/10/02 17:24:29 detailLog_middleware.go:39:   Connection: [close]
2025/10/02 17:24:29 logger.go:187: /Users/zhongjiasheng/go-study/go-study-blog/repositories/user_repository.go:20
[0.575ms] [rows:1] SELECT * FROM `users` WHERE `users`.`id` = 5 AND `users`.`deleted_at` IS NULL ORDER BY `users`.`id` LIMIT 1
2025/10/02 17:24:29 detailLog_middleware.go:70: === 响应信息 ===
2025/10/02 17:24:29 detailLog_middleware.go:71: 状态码: 200
2025/10/02 17:24:29 detailLog_middleware.go:72: 处理时间: 968.625µs
2025/10/02 17:24:29 detailLog_middleware.go:75: 响应头:
2025/10/02 17:24:29 detailLog_middleware.go:77:   Content-Type: [application/json; charset=utf-8]
2025/10/02 17:24:29 detailLog_middleware.go:82: 响应体: {"data":{"ID":5,"CreatedAt":"2025-10-01T10:56:43.5+08:00","UpdatedAt":"2025-10-01T19:39:42.373+08:00","DeletedAt":null,"username":"zjs","email":"1@qq.com","password":"$2a$14$DGKJMWyXCEzqs5HxZmQlreoOf/8KMRe4tbgX2GXDHgQDf1idwDjo6"},"success":true}
2025/10/02 17:24:29 detailLog_middleware.go:87: 格式化响应体:
{
  "data": {
    "ID": 5,
    "CreatedAt": "2025-10-01T10:56:43.5+08:00",
    "UpdatedAt": "2025-10-01T19:39:42.373+08:00",
    "DeletedAt": null,
    "username": "zjs",
    "email": "1@qq.com",
    "password": "$2a$14$DGKJMWyXCEzqs5HxZmQlreoOf/8KMRe4tbgX2GXDHgQDf1idwDjo6"
  },
  "success": true
}
2025/10/02 17:24:29 detailLog_middleware.go:91: === 请求结束 ===
2025/10/02 17:24:41 detailLog_middleware.go:30: === 请求开始 ===
2025/10/02 17:24:41 detailLog_middleware.go:31: 方法: GET
2025/10/02 17:24:41 detailLog_middleware.go:32: 路径: /api/auth/users
2025/10/02 17:24:41 detailLog_middleware.go:33: 查询参数: 
2025/10/02 17:24:41 detailLog_middleware.go:34: 远程地址: 127.0.0.1:56764
2025/10/02 17:24:41 detailLog_middleware.go:37: 请求头:
2025/10/02 17:24:41 detailLog_middleware.go:39:   Accept-Encoding: [gzip, deflate]
2025/10/02 17:24:41 detailLog_middleware.go:39:   Connection: [close]
2025/10/02 17:24:41 detailLog_middleware.go:39:   User-Agent: [vscode-restclient]
2025/10/02 17:24:41 detailLog_middleware.go:39:   Authorization: [Bearer eyJhbGciOiJIUzI1NiIsInR5cCI6IkpXVCJ9.eyJ1c2VyX2lkIjo1LCJpc3MiOiJnby1zdHVkeS1ibG9nIiwiZXhwIjoxNzU5NDgzMzY0LCJuYmYiOjE3NTkzOTY5NjQsImlhdCI6MTc1OTM5Njk2NCwianRpIjoiZmM0NWJlZTgtOGJhNy00Njg5LThjMTQtMzI1NGUxMjFhNDdjIn0.jvsK5DE74gXodLVTXTof-AcPGWW4Oy-Ha3EUl6x1XfA]
2025/10/02 17:24:41 logger.go:187: /Users/zhongjiasheng/go-study/go-study-blog/repositories/user_repository.go:36
[0.604ms] [rows:3] SELECT * FROM `users` WHERE `users`.`deleted_at` IS NULL
2025/10/02 17:24:41 detailLog_middleware.go:70: === 响应信息 ===
2025/10/02 17:24:41 detailLog_middleware.go:71: 状态码: 200
2025/10/02 17:24:41 detailLog_middleware.go:72: 处理时间: 992.667µs
2025/10/02 17:24:41 detailLog_middleware.go:75: 响应头:
2025/10/02 17:24:41 detailLog_middleware.go:77:   Content-Type: [application/json; charset=utf-8]
2025/10/02 17:24:41 detailLog_middleware.go:82: 响应体: {"data":[{"ID":5,"CreatedAt":"2025-10-01T10:56:43.5+08:00","UpdatedAt":"2025-10-01T19:39:42.373+08:00","DeletedAt":null,"username":"zjs","email":"1@qq.com","password":"$2a$14$DGKJMWyXCEzqs5HxZmQlreoOf/8KMRe4tbgX2GXDHgQDf1idwDjo6"},{"ID":6,"CreatedAt":"2025-10-01T15:15:47.363+08:00","UpdatedAt":"2025-10-01T15:15:47.363+08:00","DeletedAt":null,"username":"wj","email":"2@qq.com","password":"$2a$14$UdG1NMUsreRK/UVZ0WnO9OBx3pG8Sgyv0bmBA6H3koUKT.6SYDijy"},{"ID":7,"CreatedAt":"2025-10-02T16:54:14.656+08:00","UpdatedAt":"2025-10-02T16:54:14.656+08:00","DeletedAt":null,"username":"ycm","email":"3@qq.com","password":"$2a$14$MrcD92bnL.aexmhu0bbKCu7OXSSSv7KLDt28mk1dG/OV2MjcTv6Ty"}],"success":true}
2025/10/02 17:24:41 detailLog_middleware.go:87: 格式化响应体:
{
  "data": [
    {
      "ID": 5,
      "CreatedAt": "2025-10-01T10:56:43.5+08:00",
      "UpdatedAt": "2025-10-01T19:39:42.373+08:00",
      "DeletedAt": null,
      "username": "zjs",
      "email": "1@qq.com",
      "password": "$2a$14$DGKJMWyXCEzqs5HxZmQlreoOf/8KMRe4tbgX2GXDHgQDf1idwDjo6"
    },
    {
      "ID": 6,
      "CreatedAt": "2025-10-01T15:15:47.363+08:00",
      "UpdatedAt": "2025-10-01T15:15:47.363+08:00",
      "DeletedAt": null,
      "username": "wj",
      "email": "2@qq.com",
      "password": "$2a$14$UdG1NMUsreRK/UVZ0WnO9OBx3pG8Sgyv0bmBA6H3koUKT.6SYDijy"
    },
    {
      "ID": 7,
      "CreatedAt": "2025-10-02T16:54:14.656+08:00",
      "UpdatedAt": "2025-10-02T16:54:14.656+08:00",
      "DeletedAt": null,
      "username": "ycm",
      "email": "3@qq.com",
      "password": "$2a$14$MrcD92bnL.aexmhu0bbKCu7OXSSSv7KLDt28mk1dG/OV2MjcTv6Ty"
    }
  ],
  "success": true
}
2025/10/02 17:24:41 detailLog_middleware.go:91: === 请求结束 ===
